AT^M^J
OK
C^M^J
OK
N115^M^J
OK
N316^M^J
OK
N514^M^J
OK
N613^M^J
OK
N919^M^J
OK
N621^M^J
OK
N133^M^J
OK
N439^M^J
OK
N638^M^J
OK
N737^M^J
OK
N834^M^J
OK
N244^M^J
OK
N345^M^J
OK
N541^M^J
OK
N743^M^J
OK
N848^M^J
OK
N946^M^J
OK
N156^M^J
OK
N951^M^J
OK
N168^M^J
OK
N261^M^J
OK
N362^M^J
OK
N563^M^J
OK
N765^M^J
OK
N869^M^J
OK
N277^M^J
OK
N378^M^J
OK
N471^M^J
OK
N672^M^J
OK
N973^M^J
OK
N483^M^J
OK
N192^M^J
OK
N496^M^J
OK
N598^M^J
OK
N791^M^J
OK
N994^M^J
OK
P^M^J
OK
D
S^M^J
N115
T^M^J
N218
T^M^J
N316
T^M^J
N417
T^M^J
N514
T^M^J
N613
T^M^J
N712
T^M^J
N811
T^M^J
N919
T^M^J
N127
T^M^J
N229
T^M^J
N324
T^M^J
N425
T^M^J
N522
T^M^J
N621                                                                                                                                                                                                                                       T
T^M^J
N726
T^M^J
N823
T^M^J
N928
T^M^J
N133
T^M^J
N232
T^M^J
N331
T^M^J
N439
T^M^J
N536
T^M^J
N638
T^M^J
N737
T^M^J
N834
T^M^J
N935
T^M^J
N149
T^M^J
N244
T^M^J
N345
T^M^J
N442
T^M^J
N541
T^M^J
N647
T^M^J
N743
T^M^J
N848
T^M^J
N946
T^M^J
N156
T^M^J
N253
T^M^J
N357
T^M^J
N458
T^M^J
N559
T^M^J
N655
T^M^J
N754
T^M^J
N852
T^M^J
N951
T^M^J
N168
T^M^J
N261
T^M^J
N362
T^M^J
N464
T^M^J
N563
T^M^J
N666
T^M^J
N765
T^M^J
N869
T^M^J
N967
T^M^J
N174
T^M^J
N277
T^M^J
N378
T^M^J
N471
T^M^J
N575
T^M^J
N672
T^M^J
N779
T^M^J
N876
T^M^J
N973
T^M^J
N181
T^M^J
N286
T^M^J
N389
T^M^J
N483
T^M^J
N587
T^M^J
N684
T^M^J
N788
T^M^J
N885
T^M^J
N982
T^M^J
N192
T^M^J
N295
T^M^J
N393
T^M^J
N496
T^M^J
N598
T^M^J
N699
T^M^J
N791
T^M^J
N897
T^M^J
N994
D
AT^M^J
OK
C^M^J
OK
