[PC]  AT^M^J
[STK] OK
[PC]  C^M^J
[STK] OK
[PC]  N113^M^J
[STK] OK
[PC]  N614^M^J
[STK] OK
[PC]  N811^M^J
[STK] OK
[PC]  N915^M^J
[STK] OK
[PC]  N429^M^J
[STK] OK
[PC]  N622^M^J
[STK] OK
[PC]  N142^M^J
[STK] OK
[PC]  N246^M^J
[STK] OK
[PC]  N649^M^J
[STK] OK
[PC]  N158^M^J
[STK] OK
[PC]  N455^M^J
[STK] OK
[PC]  N652^M^J
[STK] OK
[PC]  N261^M^J
[STK] OK
[PC]  N365^M^J
[STK] OK
[PC]  N466^M^J
[STK] OK
[PC]  N769^M^J
[STK] OK
[PC]  N774^M^J
[STK] OK
[PC]  N876^M^J
[STK] OK
[PC]  N681^M^J
[STK] OK
[PC]  N988^M^J
[STK] OK
[PC]  N196^M^J
[STK] OK
[PC]  N393^M^J
[STK] OK
[PC]  N895^M^J
[STK] OK
[PC]  P^M^J
[STK] OK
[PC]  B^M^J
[STK] OK
[PC]  D11^M^J
[STK] N113
[PC]  D12^M^J
[STK] N120
[PC]  D25^M^J
[STK] N250
[PC]  D72^M^J
[STK] N720
[PC]  D99^M^J
[STK] N990
[PC]  D46^M^J
[STK] N466
