[PC]  AT^M^J
[STK] OK
[PC]  C^M^J
[STK] OK
[PC]  N716^M^J
[STK] OK
[PC]  N818^M^J
[STK] OK
[PC]  N527^M^J
[STK] OK
[PC]  N623^M^J
[STK] OK
[PC]  N929^M^J
[STK] OK
[PC]  N133^M^J
[STK] OK
[PC]  N339^M^J
[STK] OK
[PC]  N834^M^J
[STK] OK
[PC]  N935^M^J
[STK] OK
[PC]  N144^M^J
[STK] OK
[PC]  N249^M^J
[STK] OK
[PC]  N158^M^J
[STK] OK
[PC]  N353^M^J
[STK] OK
[PC]  N555^M^J
[STK] OK
[PC]  N759^M^J
[STK] OK
[PC]  N952^M^J
[STK] OK
[PC]  N863^M^J
[STK] OK
[PC]  N966^M^J
[STK] OK
[PC]  N179^M^J
[STK] OK
[PC]  N276^M^J
[STK] OK
[PC]  N773^M^J
[STK] OK
[PC]  N978^M^J
[STK] OK
[PC]  N187^M^J
[STK] OK
[PC]  N486^M^J
[STK] OK
[PC]  N588^M^J
[STK] OK
[PC]  N292^M^J
[STK] OK
[PC]  N398^M^J
[STK] OK
[PC]  P^M^J
[STK] OK
[PC]  B^M^J
[STK] OK
[PC]  D11^M^J
[STK] N110
[PC]  D12^M^J
[STK] N120
[PC]  D99^M^J
[STK] N990
[PC]  D14^M^J
[STK] N144
